[0m12:13:21.510314 [debug] [MainThread]: Sending event: {'category': 'dbt', 'action': 'invocation', 'label': 'start', 'context': [<snowplow_tracker.self_describing_json.SelfDescribingJson object at 0x0000017443E23EB0>, <snowplow_tracker.self_describing_json.SelfDescribingJson object at 0x00000174466A0AF0>, <snowplow_tracker.self_describing_json.SelfDescribingJson object at 0x00000174466A27A0>]}


============================== 12:13:21.525869 | f618c6d6-3f68-488b-aef1-cf7a352b925d ==============================
[0m12:13:21.525869 [info ] [MainThread]: Running with dbt=1.7.10
[0m12:13:21.525869 [debug] [MainThread]: running dbt with arguments {'printer_width': '80', 'indirect_selection': 'eager', 'write_json': 'True', 'log_cache_events': 'False', 'partial_parse': 'True', 'cache_selected_only': 'False', 'warn_error': 'None', 'version_check': 'True', 'profiles_dir': 'C:\\Users\\nada.khaled\\work\\ERP\\dbt', 'log_path': 'logs', 'debug': 'False', 'fail_fast': 'False', 'use_colors': 'True', 'use_experimental_parser': 'False', 'no_print': 'None', 'quiet': 'False', 'log_format': 'default', 'static_parser': 'True', 'warn_error_options': 'WarnErrorOptions(include=[], exclude=[])', 'introspect': 'True', 'target_path': 'None', 'invocation_command': 'dbt debug', 'send_anonymous_usage_stats': 'True'}
[0m12:13:21.525869 [info ] [MainThread]: dbt version: 1.7.10
[0m12:13:21.525869 [info ] [MainThread]: python version: 3.10.11
[0m12:13:21.525869 [info ] [MainThread]: python path: C:\Users\nada.khaled\work\ERP\dbt\venv\Scripts\python.exe
[0m12:13:21.525869 [info ] [MainThread]: os info: Windows-10-10.0.22631-SP0
[0m12:13:21.744854 [info ] [MainThread]: Using profiles dir at C:\Users\nada.khaled\work\ERP\dbt
[0m12:13:21.744854 [info ] [MainThread]: Using profiles.yml file at C:\Users\nada.khaled\work\ERP\dbt\profiles.yml
[0m12:13:21.744854 [info ] [MainThread]: Using dbt_project.yml file at C:\Users\nada.khaled\work\ERP\dbt\dbt_project.yml
[0m12:13:21.752777 [info ] [MainThread]: adapter type: postgres
[0m12:13:21.752777 [info ] [MainThread]: adapter version: 1.7.10
[0m12:13:21.752777 [info ] [MainThread]: Configuration:
[0m12:13:21.752777 [info ] [MainThread]:   profiles.yml file [[32mOK found and valid[0m]
[0m12:13:21.752777 [info ] [MainThread]:   dbt_project.yml file [[31mERROR not found[0m]
[0m12:13:21.752777 [info ] [MainThread]: Required dependencies:
[0m12:13:21.752777 [debug] [MainThread]: Executing "git --help"
[0m12:13:21.823454 [debug] [MainThread]: STDOUT: "b"usage: git [-v | --version] [-h | --help] [-C <path>] [-c <name>=<value>]\n           [--exec-path[=<path>]] [--html-path] [--man-path] [--info-path]\n           [-p | --paginate | -P | --no-pager] [--no-replace-objects] [--bare]\n           [--git-dir=<path>] [--work-tree=<path>] [--namespace=<name>]\n           [--config-env=<name>=<envvar>] <command> [<args>]\n\nThese are common Git commands used in various situations:\n\nstart a working area (see also: git help tutorial)\n   clone     Clone a repository into a new directory\n   init      Create an empty Git repository or reinitialize an existing one\n\nwork on the current change (see also: git help everyday)\n   add       Add file contents to the index\n   mv        Move or rename a file, a directory, or a symlink\n   restore   Restore working tree files\n   rm        Remove files from the working tree and from the index\n\nexamine the history and state (see also: git help revisions)\n   bisect    Use binary search to find the commit that introduced a bug\n   diff      Show changes between commits, commit and working tree, etc\n   grep      Print lines matching a pattern\n   log       Show commit logs\n   show      Show various types of objects\n   status    Show the working tree status\n\ngrow, mark and tweak your common history\n   branch    List, create, or delete branches\n   commit    Record changes to the repository\n   merge     Join two or more development histories together\n   rebase    Reapply commits on top of another base tip\n   reset     Reset current HEAD to the specified state\n   switch    Switch branches\n   tag       Create, list, delete or verify a tag object signed with GPG\n\ncollaborate (see also: git help workflows)\n   fetch     Download objects and refs from another repository\n   pull      Fetch from and integrate with another repository or a local branch\n   push      Update remote refs along with associated objects\n\n'git help -a' and 'git help -g' list available subcommands and some\nconcept guides. See 'git help <command>' or 'git help <concept>'\nto read about a specific subcommand or concept.\nSee 'git help git' for an overview of the system.\n""
[0m12:13:21.823454 [debug] [MainThread]: STDERR: "b''"
[0m12:13:21.823454 [info ] [MainThread]:  - git [[32mOK found[0m]

[0m12:13:21.823454 [info ] [MainThread]: Connection:
[0m12:13:21.823454 [info ] [MainThread]:   host: 10.11.33.197
[0m12:13:21.823454 [info ] [MainThread]:   port: 9999
[0m12:13:21.836855 [info ] [MainThread]:   user: erpdwh_usr
[0m12:13:21.837905 [info ] [MainThread]:   database: erpdwh
[0m12:13:21.839400 [info ] [MainThread]:   schema: gold
[0m12:13:21.839400 [info ] [MainThread]:   connect_timeout: 10
[0m12:13:21.839400 [info ] [MainThread]:   role: None
[0m12:13:21.839400 [info ] [MainThread]:   search_path: None
[0m12:13:21.839400 [info ] [MainThread]:   keepalives_idle: 0
[0m12:13:21.839400 [info ] [MainThread]:   sslmode: None
[0m12:13:21.839400 [info ] [MainThread]:   sslcert: None
[0m12:13:21.839400 [info ] [MainThread]:   sslkey: None
[0m12:13:21.839400 [info ] [MainThread]:   sslrootcert: None
[0m12:13:21.839400 [info ] [MainThread]:   application_name: dbt
[0m12:13:21.839400 [info ] [MainThread]:   retries: 1
[0m12:13:21.839400 [info ] [MainThread]: Registered adapter: postgres=1.7.10
[0m12:13:21.839400 [debug] [MainThread]: Acquiring new postgres connection 'debug'
[0m12:13:21.855043 [debug] [MainThread]: Using postgres connection "debug"
[0m12:13:21.855043 [debug] [MainThread]: On debug: select 1 as id
[0m12:13:21.855043 [debug] [MainThread]: Opening a new connection, currently in state init
[0m12:13:31.806957 [debug] [MainThread]: Postgres adapter: Got a retryable error when attempting to open a postgres connection.
1 attempts remaining. Retrying in 0 seconds.
Error:
connection to server at "10.11.33.197", port 9999 failed: timeout expired

[0m12:13:41.764141 [error] [MainThread]: Encountered an error:

[0m12:13:41.811985 [error] [MainThread]: Traceback (most recent call last):
  File "C:\Users\nada.khaled\work\ERP\dbt\venv\lib\site-packages\dbt\adapters\base\connections.py", line 241, in retry_connection
    connection.handle = connect()
  File "C:\Users\nada.khaled\work\ERP\dbt\venv\lib\site-packages\dbt\adapters\postgres\connections.py", line 137, in connect
    handle = psycopg2.connect(
  File "C:\Users\nada.khaled\work\ERP\dbt\venv\lib\site-packages\psycopg2\__init__.py", line 122, in connect
    conn = _connect(dsn, connection_factory=connection_factory, **kwasync)
psycopg2.OperationalError: connection to server at "10.11.33.197", port 9999 failed: timeout expired


During handling of the above exception, another exception occurred:

Traceback (most recent call last):
  File "C:\Users\nada.khaled\work\ERP\dbt\venv\lib\site-packages\dbt\adapters\base\connections.py", line 241, in retry_connection
    connection.handle = connect()
  File "C:\Users\nada.khaled\work\ERP\dbt\venv\lib\site-packages\dbt\adapters\postgres\connections.py", line 137, in connect
    handle = psycopg2.connect(
  File "C:\Users\nada.khaled\work\ERP\dbt\venv\lib\site-packages\psycopg2\__init__.py", line 122, in connect
    conn = _connect(dsn, connection_factory=connection_factory, **kwasync)
psycopg2.OperationalError: connection to server at "10.11.33.197", port 9999 failed: timeout expired


During handling of the above exception, another exception occurred:

Traceback (most recent call last):
  File "C:\Users\nada.khaled\work\ERP\dbt\venv\lib\site-packages\dbt\cli\requires.py", line 91, in wrapper
    result, success = func(*args, **kwargs)
  File "C:\Users\nada.khaled\work\ERP\dbt\venv\lib\site-packages\dbt\cli\requires.py", line 76, in wrapper
    return func(*args, **kwargs)
  File "C:\Users\nada.khaled\work\ERP\dbt\venv\lib\site-packages\dbt\cli\main.py", line 444, in debug
    results = task.run()
  File "C:\Users\nada.khaled\work\ERP\dbt\venv\lib\site-packages\dbt\task\debug.py", line 153, in run
    connection_status = self.test_connection()
  File "C:\Users\nada.khaled\work\ERP\dbt\venv\lib\site-packages\dbt\task\debug.py", line 472, in test_connection
    connection_result = self.attempt_connection(self.profile)
  File "C:\Users\nada.khaled\work\ERP\dbt\venv\lib\site-packages\dbt\task\debug.py", line 450, in attempt_connection
    adapter.debug_query()
  File "C:\Users\nada.khaled\work\ERP\dbt\venv\lib\site-packages\dbt\adapters\postgres\impl.py", line 152, in debug_query
    self.execute("select 1 as id")
  File "C:\Users\nada.khaled\work\ERP\dbt\venv\lib\site-packages\dbt\adapters\base\impl.py", line 310, in execute
    return self.connections.execute(sql=sql, auto_begin=auto_begin, fetch=fetch, limit=limit)
  File "C:\Users\nada.khaled\work\ERP\dbt\venv\lib\site-packages\dbt\adapters\sql\connections.py", line 138, in execute
    _, cursor = self.add_query(sql, auto_begin)
  File "C:\Users\nada.khaled\work\ERP\dbt\venv\lib\site-packages\dbt\adapters\sql\connections.py", line 79, in add_query
    cursor = connection.handle.cursor()
  File "C:\Users\nada.khaled\work\ERP\dbt\venv\lib\site-packages\dbt\contracts\connection.py", line 90, in handle
    self._handle.resolve(self)
  File "C:\Users\nada.khaled\work\ERP\dbt\venv\lib\site-packages\dbt\contracts\connection.py", line 114, in resolve
    return self.opener(connection)
  File "C:\Users\nada.khaled\work\ERP\dbt\venv\lib\site-packages\dbt\adapters\postgres\connections.py", line 162, in open
    return cls.retry_connection(
  File "C:\Users\nada.khaled\work\ERP\dbt\venv\lib\site-packages\dbt\adapters\base\connections.py", line 258, in retry_connection
    return cls.retry_connection(
  File "C:\Users\nada.khaled\work\ERP\dbt\venv\lib\site-packages\dbt\adapters\base\connections.py", line 241, in retry_connection
    connection.handle = connect()
KeyboardInterrupt

[0m12:13:41.816471 [debug] [MainThread]: Command `dbt debug` failed at 12:13:41.816471 after 20.53 seconds
[0m12:13:41.816471 [debug] [MainThread]: Connection 'debug' was properly closed.
[0m12:13:41.816471 [debug] [MainThread]: Sending event: {'category': 'dbt', 'action': 'invocation', 'label': 'end', 'context': [<snowplow_tracker.self_describing_json.SelfDescribingJson object at 0x0000017443E23EB0>, <snowplow_tracker.self_describing_json.SelfDescribingJson object at 0x000001744607AE60>, <snowplow_tracker.self_describing_json.SelfDescribingJson object at 0x0000017442EB4D60>]}
[0m12:13:41.816471 [debug] [MainThread]: Flushing usage events
